<?xml version="1.0" encoding="UTF-8"?>
<!-- Generated by org.testng.reporters.JUnitReportReporter -->
<testsuite hostname="Bidyashrees-MacBook-Pro.local" failures="0" tests="2" name="test.HomePageTests" time="8.945" errors="1" timestamp="2022-11-07T21:18:22 IST" skipped="1">
  <testcase classname="test.HomePageTests" name="setUp" time="8.945">
    <error message="unknown error: Chrome failed to start: exited normally.
  (chrome not reachable)
  (The process started from chrome location /Applications/Google Chrome.app/Contents/MacOS/Google Chrome is no longer running, so ChromeDriver is assuming that Chrome has crashed.)
Build info: version: &#039;3.141.59&#039;, revision: &#039;e82be7d358&#039;, time: &#039;2018-11-14T08:17:03&#039;
System info: host: &#039;Bidyashrees-MacBook-Pro.local&#039;, ip: &#039;2405:201:d008:30f8:50ea:d853:da:be86%en0&#039;, os.name: &#039;Mac OS X&#039;, os.arch: &#039;x86_64&#039;, os.version: &#039;12.5&#039;, java.version: &#039;18.0.2.1&#039;
Driver info: driver.version: ChromeDriver
remote stacktrace: 0   chromedriver                        0x0000000104d392c8 chromedriver + 4752072
1   chromedriver                        0x0000000104cb9463 chromedriver + 4228195
2   chromedriver                        0x000000010491cb18 chromedriver + 441112
3   chromedriver                        0x0000000104944636 chromedriver + 603702
4   chromedriver                        0x000000010493fe3c chromedriver + 585276
5   chromedriver                        0x0000000104982c43 chromedriver + 859203
6   chromedriver                        0x000000010498274f chromedriver + 857935
7   chromedriver                        0x000000010497ab33 chromedriver + 826163
8   chromedriver                        0x000000010494b9fd chromedriver + 633341
9   chromedriver                        0x000000010494d051 chromedriver + 639057
10  chromedriver                        0x0000000104d0630e chromedriver + 4543246
11  chromedriver                        0x0000000104d0aa88 chromedriver + 4561544
12  chromedriver                        0x0000000104d126df chromedriver + 4593375
13  chromedriver                        0x0000000104d0b8fa chromedriver + 4565242
14  chromedriver                        0x0000000104ce12cf chromedriver + 4391631
15  chromedriver                        0x0000000104d2a5b8 chromedriver + 4691384
16  chromedriver                        0x0000000104d2a739 chromedriver + 4691769
17  chromedriver                        0x0000000104d4081e chromedriver + 4782110
18  libsystem_pthread.dylib             0x00007ff81c1e54e1 _pthread_start + 125
19  libsystem_pthread.dylib             0x00007ff81c1e0f6b thread_start + 15
" type="org.openqa.selenium.WebDriverException">
      <![CDATA[org.openqa.selenium.WebDriverException: unknown error: Chrome failed to start: exited normally.
  (chrome not reachable)
  (The process started from chrome location /Applications/Google Chrome.app/Contents/MacOS/Google Chrome is no longer running, so ChromeDriver is assuming that Chrome has crashed.)
Build info: version: '3.141.59', revision: 'e82be7d358', time: '2018-11-14T08:17:03'
System info: host: 'Bidyashrees-MacBook-Pro.local', ip: '2405:201:d008:30f8:50ea:d853:da:be86%en0', os.name: 'Mac OS X', os.arch: 'x86_64', os.version: '12.5', java.version: '18.0.2.1'
Driver info: driver.version: ChromeDriver
remote stacktrace: 0   chromedriver                        0x0000000104d392c8 chromedriver + 4752072
1   chromedriver                        0x0000000104cb9463 chromedriver + 4228195
2   chromedriver                        0x000000010491cb18 chromedriver + 441112
3   chromedriver                        0x0000000104944636 chromedriver + 603702
4   chromedriver                        0x000000010493fe3c chromedriver + 585276
5   chromedriver                        0x0000000104982c43 chromedriver + 859203
6   chromedriver                        0x000000010498274f chromedriver + 857935
7   chromedriver                        0x000000010497ab33 chromedriver + 826163
8   chromedriver                        0x000000010494b9fd chromedriver + 633341
9   chromedriver                        0x000000010494d051 chromedriver + 639057
10  chromedriver                        0x0000000104d0630e chromedriver + 4543246
11  chromedriver                        0x0000000104d0aa88 chromedriver + 4561544
12  chromedriver                        0x0000000104d126df chromedriver + 4593375
13  chromedriver                        0x0000000104d0b8fa chromedriver + 4565242
14  chromedriver                        0x0000000104ce12cf chromedriver + 4391631
15  chromedriver                        0x0000000104d2a5b8 chromedriver + 4691384
16  chromedriver                        0x0000000104d2a739 chromedriver + 4691769
17  chromedriver                        0x0000000104d4081e chromedriver + 4782110
18  libsystem_pthread.dylib             0x00007ff81c1e54e1 _pthread_start + 125
19  libsystem_pthread.dylib             0x00007ff81c1e0f6b thread_start + 15

at java.base/jdk.internal.reflect.DirectConstructorHandleAccessor.newInstance(DirectConstructorHandleAccessor.java:67)
at java.base/java.lang.reflect.Constructor.newInstanceWithCaller(Constructor.java:499)
at java.base/java.lang.reflect.Constructor.newInstance(Constructor.java:483)
at org.openqa.selenium.remote.W3CHandshakeResponse.lambda$errorHandler$0(W3CHandshakeResponse.java:62)
at org.openqa.selenium.remote.HandshakeResponse.lambda$getResponseFunction$0(HandshakeResponse.java:30)
at org.openqa.selenium.remote.ProtocolHandshake.lambda$createSession$0(ProtocolHandshake.java:126)
at java.base/java.util.stream.ReferencePipeline$3$1.accept(ReferencePipeline.java:197)
at java.base/java.util.Spliterators$ArraySpliterator.tryAdvance(Spliterators.java:1002)
at java.base/java.util.stream.ReferencePipeline.forEachWithCancel(ReferencePipeline.java:129)
at java.base/java.util.stream.AbstractPipeline.copyIntoWithCancel(AbstractPipeline.java:527)
at java.base/java.util.stream.AbstractPipeline.copyInto(AbstractPipeline.java:513)
at java.base/java.util.stream.AbstractPipeline.wrapAndCopyInto(AbstractPipeline.java:499)
at java.base/java.util.stream.FindOps$FindOp.evaluateSequential(FindOps.java:150)
at java.base/java.util.stream.AbstractPipeline.evaluate(AbstractPipeline.java:234)
at java.base/java.util.stream.ReferencePipeline.findFirst(ReferencePipeline.java:647)
at org.openqa.selenium.remote.ProtocolHandshake.createSession(ProtocolHandshake.java:128)
at org.openqa.selenium.remote.ProtocolHandshake.createSession(ProtocolHandshake.java:74)
at org.openqa.selenium.remote.HttpCommandExecutor.execute(HttpCommandExecutor.java:136)
at org.openqa.selenium.remote.service.DriverCommandExecutor.execute(DriverCommandExecutor.java:83)
at org.openqa.selenium.remote.RemoteWebDriver.execute(RemoteWebDriver.java:552)
at org.openqa.selenium.remote.RemoteWebDriver.startSession(RemoteWebDriver.java:213)
at org.openqa.selenium.remote.RemoteWebDriver.<init>(RemoteWebDriver.java:131)
at org.openqa.selenium.chrome.ChromeDriver.<init>(ChromeDriver.java:181)
at org.openqa.selenium.chrome.ChromeDriver.<init>(ChromeDriver.java:168)
at org.openqa.selenium.chrome.ChromeDriver.<init>(ChromeDriver.java:123)
at base.TDDBase.initialize(TDDBase.java:20)
at test.HomePageTests.setUp(HomePageTests.java:22)
at java.base/jdk.internal.reflect.DirectMethodHandleAccessor.invoke(DirectMethodHandleAccessor.java:104)
at java.base/java.lang.reflect.Method.invoke(Method.java:577)
at org.testng.internal.MethodInvocationHelper.invokeMethod(MethodInvocationHelper.java:133)
at org.testng.internal.MethodInvocationHelper.invokeMethodConsideringTimeout(MethodInvocationHelper.java:62)
at org.testng.internal.ConfigInvoker.invokeConfigurationMethod(ConfigInvoker.java:340)
at org.testng.internal.ConfigInvoker.invokeConfigurations(ConfigInvoker.java:294)
at org.testng.TestRunner.invokeTestConfigurations(TestRunner.java:623)
at org.testng.TestRunner.beforeRun(TestRunner.java:613)
at org.testng.TestRunner.run(TestRunner.java:584)
at org.testng.SuiteRunner.runTest(SuiteRunner.java:402)
at org.testng.SuiteRunner.runSequentially(SuiteRunner.java:396)
at org.testng.SuiteRunner.privateRun(SuiteRunner.java:355)
at org.testng.SuiteRunner.run(SuiteRunner.java:304)
at org.testng.SuiteRunnerWorker.runSuite(SuiteRunnerWorker.java:53)
at org.testng.SuiteRunnerWorker.run(SuiteRunnerWorker.java:96)
at org.testng.TestNG.runSuitesSequentially(TestNG.java:1180)
at org.testng.TestNG.runSuitesLocally(TestNG.java:1102)
at org.testng.TestNG.runSuites(TestNG.java:1032)
at org.testng.TestNG.run(TestNG.java:1000)
at org.testng.remote.AbstractRemoteTestNG.run(AbstractRemoteTestNG.java:115)
at org.testng.remote.RemoteTestNG.initAndRun(RemoteTestNG.java:251)
at org.testng.remote.RemoteTestNG.main(RemoteTestNG.java:77)
]]>
    </error>
  </testcase> <!-- setUp -->
  <testcase classname="test.HomePageTests" name="checkHomePageLogoExists" time="0.000">
    <skipped/>
  </testcase> <!-- checkHomePageLogoExists -->
</testsuite> <!-- test.HomePageTests -->
